success
success
success
success
success
success
success
success
success
found khush in 1
found anmol in 2
found rayan in 3
found dev in 4
found bilal in 5
found kst in 6
found lazeez in 7
found penneys in 0
not found
failure
failure
failure
failure
failure
failure
failure
failure
success
success
success
success
success
success
success
success
not found
not found
not found
not found
not found
not found
not found
not found
not found
success
success
success
success
success
success
success
success
found khush in 1
found anmol in 2
found rayan in 4
found dev in 7
found bilal in 5
found kst in 0
found lazeez in 3
found penneys in 6
success
found rayan in 4
success
