success
not found
not found
not found
not found
failure
failure
failure
failure
success
success
success
success
failure
found "MinuteMaid" in 1
found "Monster" in 2
found "RedBull" in 3
found "Sprite" in 0
success
success
success
success
not found
not found
not found
not found
success
success
success
success
found "MinuteMaid" in 0
found "Monster" in 3
found "RedBull" in 2
found "Sprite" in 1
success
found "RedBull" in 2
success
found "Sprite" in 1
success
found "Sprite" in 1
success
not found
success
success
success
success
success
not found
success
not found
found "Sprite" in 2
success
not found
success
not found
not found
